<?xml version="1.0" encoding="UTF-8"?>
<!-- Generated by org.testng.reporters.JUnitReportReporter -->
<testsuite hostname="DESKTOP-C9SDQCO" failures="0" tests="1" name="testcases.LoginWithValidDatausingExcel" time="48.485" errors="0" timestamp="2022-10-10T10:56:08 IST" skipped="0">
  <testcase classname="testcases.LoginWithValidDatausingExcel" name="AdminLogin" time="48.485"/>
  <system-out/>
</testsuite> <!-- testcases.LoginWithValidDatausingExcel -->
