<?xml version="1.0" encoding="UTF-8"?>
<!-- Generated by org.testng.reporters.JUnitReportReporter -->
<testsuite hostname="DESKTOP-C9SDQCO" failures="0" tests="1" name="testcases.OrangeHRMTestSuite" time="18.786" errors="0" timestamp="2022-10-10T16:55:37 IST" skipped="0">
  <testcase classname="testcases.OrangeHRMTestSuite" name="checkTestCase" time="18.786"/>
  <system-out/>
</testsuite> <!-- testcases.OrangeHRMTestSuite -->
