<?xml version="1.0" encoding="UTF-8"?>
<!-- Generated by org.testng.reporters.JUnitReportReporter -->
<testsuite hostname="DESKTOP-C9SDQCO" failures="0" tests="1" name="testcases.HybridFrame" time="61.232" errors="0" timestamp="2022-10-10T22:14:48 IST" skipped="0">
  <testcase classname="testcases.HybridFrame" name="hybrid" time="61.232"/>
  <system-out/>
</testsuite> <!-- testcases.HybridFrame -->
